#
# There is insufficient memory for the Java Runtime Environment to continue.
# Native memory allocation (mmap) failed to map 62914560 bytes for G1 virtual space
# Possible reasons:
#   The system is out of physical RAM or swap space
#   The process is running with CompressedOops enabled, and the Java Heap may be blocking the growth of the native heap
# Possible solutions:
#   Reduce memory load on the system
#   Increase physical memory or swap space
#   Check if swap backing store is full
#   Decrease Java heap size (-Xmx/-Xms)
#   Decrease number of Java threads
#   Decrease Java thread stack sizes (-Xss)
#   Set larger code cache with -XX:ReservedCodeCacheSize=
#   JVM is running with Unscaled Compressed Oops mode in which the Java heap is
#     placed in the first 4GB address space. The Java Heap base address is the
#     maximum limit for the native heap growth. Please use -XX:HeapBaseMinAddress
#     to set the Java Heap base and to place the Java Heap above 4GB virtual address.
# This output file may be truncated or incomplete.
#
#  Out of Memory Error (os_windows.cpp:3466), pid=7592, tid=2832
#
# JRE version:  (16.0.2+7) (build )
# Java VM: Java HotSpot(TM) 64-Bit Server VM (16.0.2+7-67, mixed mode, sharing, tiered, compressed oops, compressed class ptrs, g1 gc, windows-amd64)
# No core dump will be written. Minidumps are not enabled by default on client versions of Windows
#

---------------  S U M M A R Y ------------

Command Line: -Dfile.encoding=UTF-8 Clases.SistemaVentas11

Host: Intel(R) Core(TM) i3-1005G1 CPU @ 1.20GHz, 4 cores, 3G,  Windows 10 , 64 bit Build 19041 (10.0.19041.1202)
Time: Sat Oct 16 17:31:23 2021 Hora estándar, América Central elapsed time: 0.072099 seconds (0d 0h 0m 0s)

---------------  T H R E A D  ---------------

Current thread (0x0000015729e685d0):  JavaThread "Unknown thread" [_thread_in_vm, id=2832, stack(0x00000014b0000000,0x00000014b0100000)]

Stack: [0x00000014b0000000,0x00000014b0100000]
Native frames: (J=compiled Java code, j=interpreted, Vv=VM code, C=native code)
V  [jvm.dll+0x6681ca]
V  [jvm.dll+0x7c9e69]
V  [jvm.dll+0x7cb61e]
V  [jvm.dll+0x7cbc73]
V  [jvm.dll+0x242c55]
V  [jvm.dll+0x664f89]
V  [jvm.dll+0x659b75]
V  [jvm.dll+0x2fbfbb]
V  [jvm.dll+0x3031b6]
V  [jvm.dll+0x35299e]
V  [jvm.dll+0x352bcf]
V  [jvm.dll+0x2d3028]
V  [jvm.dll+0x2d4264]
V  [jvm.dll+0x79c741]
V  [jvm.dll+0x360791]
V  [jvm.dll+0x77a3f0]
V  [jvm.dll+0x3e4e8f]
V  [jvm.dll+0x3e6961]
C  [jli.dll+0x52fb]
C  [ucrtbase.dll+0x21bb2]
C  [KERNEL32.DLL+0x17034]
C  [ntdll.dll+0x52651]


---------------  P R O C E S S  ---------------

Threads class SMR info:
_java_thread_list=0x00007fffa3a8cbb8, length=0, elements={
}

Java Threads: ( => current thread )

Other Threads:
  0x0000015729e97d10 GCTaskThread "GC Thread#0" [stack: 0x00000014b0100000,0x00000014b0200000] [id=7728]
  0x0000015729ea2300 ConcurrentGCThread "G1 Main Marker" [stack: 0x00000014b0200000,0x00000014b0300000] [id=8840]
  0x0000015729ea2c80 ConcurrentGCThread "G1 Conc#0" [stack: 0x00000014b0300000,0x00000014b0400000] [id=2420]

[error occurred during error reporting (printing all threads), id 0xc0000005, EXCEPTION_ACCESS_VIOLATION (0xc0000005) at pc=0x00007fffa3263ee7]

VM state: not at safepoint (not fully initialized)

VM Mutex/Monitor currently owned by a thread:  ([mutex/lock_event])
[0x0000015729e65520] Heap_lock - owner thread: 0x0000015729e685d0

Heap address: 0x00000000c4c00000, size: 948 MB, Compressed Oops mode: 32-bit

CDS archive(s) mapped at: [0x0000000000000000-0x0000000000000000-0x0000000000000000), size 0, SharedBaseAddress: 0x0000000800000000, ArchiveRelocationMode: 0.
Narrow klass base: 0x0000000000000000, Narrow klass shift: 0, Narrow klass range: 0x0

GC Precious Log:
<Empty>

Heap:
 garbage-first heap   total 0K, used 0K [0x00000000c4c00000, 0x0000000100000000)
  region size 1024K, 0 young (0K), 0 survivors (0K)

[error occurred during error reporting (printing heap information), id 0xc0000005, EXCEPTION_ACCESS_VIOLATION (0xc0000005) at pc=0x00007fffa3641eed]

GC Heap History (0 events):
No events

Deoptimization events (0 events):
No events

Classes unloaded (0 events):
No events

Classes redefined (0 events):
No events

Internal exceptions (0 events):
No events

Events (1 events):
Event: 0.005 Loaded shared library C:\Program Files\Java\jdk-16.0.2\bin\java.dll


Dynamic libraries:
0x00007ff778f30000 - 0x00007ff778f40000 	C:\Program Files\Java\jdk-16.0.2\bin\java.exe
0x00007ffff0750000 - 0x00007ffff0945000 	C:\windows\SYSTEM32\ntdll.dll
0x00007fffeee80000 - 0x00007fffeef3e000 	C:\windows\System32\KERNEL32.DLL
0x00007fffee080000 - 0x00007fffee349000 	C:\windows\System32\KERNELBASE.dll
0x00007fffee640000 - 0x00007fffee740000 	C:\windows\System32\ucrtbase.dll
0x00007fffde050000 - 0x00007fffde068000 	C:\Program Files\Java\jdk-16.0.2\bin\jli.dll
0x00007fffde320000 - 0x00007fffde339000 	C:\Program Files\Java\jdk-16.0.2\bin\VCRUNTIME140.dll
0x00007fffee7a0000 - 0x00007fffee84c000 	C:\windows\System32\ADVAPI32.dll
0x00007fffee850000 - 0x00007fffee8ee000 	C:\windows\System32\msvcrt.dll
0x00007fffeeb00000 - 0x00007fffeeb9b000 	C:\windows\System32\sechost.dll
0x00007fffefbd0000 - 0x00007fffefcfa000 	C:\windows\System32\RPCRT4.dll
0x00007ffff0280000 - 0x00007ffff0421000 	C:\windows\System32\USER32.dll
0x00007fffedf10000 - 0x00007fffedf32000 	C:\windows\System32\win32u.dll
0x00007fffefd00000 - 0x00007fffefd2b000 	C:\windows\System32\GDI32.dll
0x00007fffedf40000 - 0x00007fffee04b000 	C:\windows\System32\gdi32full.dll
0x00007fffd3930000 - 0x00007fffd3bca000 	C:\windows\WinSxS\amd64_microsoft.windows.common-controls_6595b64144ccf1df_6.0.19041.1110_none_60b5254171f9507e\COMCTL32.dll
0x00007fffede70000 - 0x00007fffedf0d000 	C:\windows\System32\msvcp_win.dll
0x00007fffe1dd0000 - 0x00007fffe1dda000 	C:\windows\SYSTEM32\VERSION.dll
0x00007fffefba0000 - 0x00007fffefbd0000 	C:\windows\System32\IMM32.DLL
0x00007fffde310000 - 0x00007fffde31c000 	C:\Program Files\Java\jdk-16.0.2\bin\vcruntime140_1.dll
0x00007fffa5de0000 - 0x00007fffa5e71000 	C:\Program Files\Java\jdk-16.0.2\bin\msvcp140.dll
0x00007fffa2f80000 - 0x00007fffa3b2b000 	C:\Program Files\Java\jdk-16.0.2\bin\server\jvm.dll
0x00007fffeea20000 - 0x00007fffeea28000 	C:\windows\System32\PSAPI.DLL
0x00007fffd8780000 - 0x00007fffd87a7000 	C:\windows\SYSTEM32\WINMM.dll
0x00007fffe2b80000 - 0x00007fffe2b89000 	C:\windows\SYSTEM32\WSOCK32.dll
0x00007ffff05b0000 - 0x00007ffff061b000 	C:\windows\System32\WS2_32.dll
0x00007fffebf50000 - 0x00007fffebf62000 	C:\windows\SYSTEM32\kernel.appcore.dll
0x00007fffde300000 - 0x00007fffde30a000 	C:\Program Files\Java\jdk-16.0.2\bin\jimage.dll
0x00007fffeb9b0000 - 0x00007fffebb94000 	C:\windows\SYSTEM32\DBGHELP.DLL
0x00007fffd8960000 - 0x00007fffd898c000 	C:\windows\SYSTEM32\dbgcore.DLL
0x00007fffee350000 - 0x00007fffee3d3000 	C:\windows\System32\bcryptPrimitives.dll
0x00007fffd8190000 - 0x00007fffd81b5000 	C:\Program Files\Java\jdk-16.0.2\bin\java.dll

dbghelp: loaded successfully - version: 4.0.5 - missing functions: none
symbol engine: initialized successfully - sym options: 0x614 - pdb path: .;C:\Program Files\Java\jdk-16.0.2\bin;C:\windows\SYSTEM32;C:\windows\WinSxS\amd64_microsoft.windows.common-controls_6595b64144ccf1df_6.0.19041.1110_none_60b5254171f9507e;C:\Program Files\Java\jdk-16.0.2\bin\server

VM Arguments:
jvm_args: -Dfile.encoding=UTF-8 
java_command: Clases.SistemaVentas11
java_class_path (initial): C:\Users\joela\Desktop\Sistema de Ventas\SistemaVentas1.1\jcalendar-1.4.jar;C:\Users\joela\Desktop\Sistema de Ventas\SistemaVentas1.1\mysql-connector-java-8.0.21.jar;C:\Users\joela\Desktop\Sistema de Ventas\SistemaVentas1.1\itextpdf-5.4.0.jar;C:\Users\joela\Desktop\Sistema de Ventas\SistemaVentas1.1\build\classes
Launcher Type: SUN_STANDARD

[Global flags]
     intx CICompilerCount                          = 3                                         {product} {ergonomic}
     uint ConcGCThreads                            = 1                                         {product} {ergonomic}
     uint G1ConcRefinementThreads                  = 4                                         {product} {ergonomic}
   size_t G1HeapRegionSize                         = 1048576                                   {product} {ergonomic}
    uintx GCDrainStackTargetSize                   = 64                                        {product} {ergonomic}
   size_t InitialHeapSize                          = 62914560                                  {product} {ergonomic}
   size_t MarkStackSize                            = 4194304                                   {product} {ergonomic}
   size_t MaxHeapSize                              = 994050048                                 {product} {ergonomic}
   size_t MinHeapDeltaBytes                        = 1048576                                   {product} {ergonomic}
   size_t MinHeapSize                              = 8388608                                   {product} {ergonomic}
    uintx NonNMethodCodeHeapSize                   = 5832780                                {pd product} {ergonomic}
    uintx NonProfiledCodeHeapSize                  = 122912730                              {pd product} {ergonomic}
    uintx ProfiledCodeHeapSize                     = 122912730                              {pd product} {ergonomic}
    uintx ReservedCodeCacheSize                    = 251658240                              {pd product} {ergonomic}
     bool SegmentedCodeCache                       = true                                      {product} {ergonomic}
   size_t SoftMaxHeapSize                          = 994050048                              {manageable} {ergonomic}
     bool UseCompressedClassPointers               = true                           {product lp64_product} {ergonomic}
     bool UseCompressedOops                        = true                           {product lp64_product} {ergonomic}
     bool UseG1GC                                  = true                                      {product} {ergonomic}
     bool UseLargePagesIndividualAllocation        = false                                  {pd product} {ergonomic}

Logging:
Log output configuration:
 #0: stdout all=warning uptime,level,tags
 #1: stderr all=off uptime,level,tags

Environment Variables:
PATH=C:\Program Files\Common Files\Oracle\Java\javapath;C:\Program Files (x86)\Common Files\Oracle\Java\javapath;C:\windows\system32;C:\windows;C:\windows\System32\Wbem;C:\windows\System32\WindowsPowerShell\v1.0\;C:\windows\System32\OpenSSH\;C:\Program Files\dotnet\;C:\Program Files\Microsoft SQL Server\130\Tools\Binn\;C:\Program Files\Microsoft SQL Server\Client SDK\ODBC\170\Tools\Binn\;C:\Users\joela\AppData\Local\Microsoft\WindowsApps;C:\Users\joela\.dotnet\tools
USERNAME=joela
OS=Windows_NT
PROCESSOR_IDENTIFIER=Intel64 Family 6 Model 126 Stepping 5, GenuineIntel



---------------  S Y S T E M  ---------------

OS:
 Windows 10 , 64 bit Build 19041 (10.0.19041.1202)
OS uptime: 0 days 1:54 hours

CPU: total 4 (initial active 4) (2 cores per cpu, 2 threads per core) family 6 model 126 stepping 5 microcode 0xa0, cx8, cmov, fxsr, ht, mmx, 3dnowpref, sse, sse2, sse3, ssse3, sse4.1, sse4.2, popcnt, lzcnt, tsc, tscinvbit, avx, avx2, aes, erms, clmul, bmi1, bmi2, adx, avx512f, avx512dq, avx512cd, avx512bw, avx512vl, sha, fma, vzeroupper, avx512_vpopcntdq, avx512_vpclmulqdq, avx512_vaes, avx512_vnni, clflush, clflushopt, avx512_vmbi2, avx512_vmbi

Memory: 4k page, system-wide physical 3784M (352M free)
TotalPageFile size 3784M (AvailPageFile size 62M)
current process WorkingSet (physical memory assigned to process): 10M, peak: 10M
current process commit charge ("private bytes"): 51M, peak: 111M

vm_info: Java HotSpot(TM) 64-Bit Server VM (16.0.2+7-67) for windows-amd64 JRE (16.0.2+7-67), built on Jun  8 2021 23:24:19 by "mach5one" with MS VC++ 16.7 (VS2019)

END.
